2025-09-27 21:10:07 [restartedMain] INFO  com.qiniu.model3d.Application - Starting Application using Java 21.0.8 on 徐森森的PC with PID 3972 (D:\qiniuCloud\qiniu\qiniu-3d-generator\target\classes started by xhs20 in D:\qiniuCloud\qiniu\qiniu-3d-generator)
2025-09-27 21:10:07 [restartedMain] DEBUG com.qiniu.model3d.Application - Running with Spring Boot v2.6.15, Spring v5.3.27
2025-09-27 21:10:07 [restartedMain] INFO  com.qiniu.model3d.Application - The following 1 profile is active: "dev"
2025-09-27 21:10:07 [restartedMain] WARN  o.s.b.c.config.ConfigDataEnvironment - Property 'spring.profiles' imported from location 'class path resource [application.yml]' is invalid and should be replaced with 'spring.config.activate.on-profile' [origin: class path resource [application.yml] - 129:13]
2025-09-27 21:10:07 [restartedMain] WARN  o.s.b.c.config.ConfigDataEnvironment - Property 'spring.profiles' imported from location 'class path resource [application.yml]' is invalid and should be replaced with 'spring.config.activate.on-profile' [origin: class path resource [application.yml] - 112:13]
2025-09-27 21:10:07 [restartedMain] INFO  o.s.b.d.restart.ChangeableUrls - The Class-Path manifest attribute in C:\Users\xhs20\.m2\repository\org\glassfish\jaxb\jaxb-runtime\2.3.1\jaxb-runtime-2.3.1.jar referenced one or more files that do not exist: file:/C:/Users/xhs20/.m2/repository/org/glassfish/jaxb/jaxb-runtime/2.3.1/jaxb-api-2.3.1.jar,file:/C:/Users/xhs20/.m2/repository/org/glassfish/jaxb/jaxb-runtime/2.3.1/txw2-2.3.1.jar,file:/C:/Users/xhs20/.m2/repository/org/glassfish/jaxb/jaxb-runtime/2.3.1/istack-commons-runtime-3.0.7.jar,file:/C:/Users/xhs20/.m2/repository/org/glassfish/jaxb/jaxb-runtime/2.3.1/stax-ex-1.8.jar,file:/C:/Users/xhs20/.m2/repository/org/glassfish/jaxb/jaxb-runtime/2.3.1/FastInfoset-1.2.15.jar,file:/C:/Users/xhs20/.m2/repository/org/glassfish/jaxb/jaxb-runtime/2.3.1/javax.activation-api-1.2.0.jar
2025-09-27 21:10:07 [restartedMain] INFO  o.s.b.d.e.DevToolsPropertyDefaultsPostProcessor - Devtools property defaults active! Set 'spring.devtools.add-properties' to 'false' to disable
2025-09-27 21:10:07 [restartedMain] INFO  o.s.b.d.e.DevToolsPropertyDefaultsPostProcessor - For additional web related logging consider setting the 'logging.level.web' property to 'DEBUG'
2025-09-27 21:10:08 [restartedMain] INFO  o.s.d.r.c.RepositoryConfigurationDelegate - Bootstrapping Spring Data JPA repositories in DEFAULT mode.
2025-09-27 21:10:08 [restartedMain] INFO  o.s.d.r.c.RepositoryConfigurationDelegate - Finished Spring Data repository scanning in 53 ms. Found 1 JPA repository interfaces.
2025-09-27 21:10:08 [restartedMain] WARN  o.m.s.mapper.ClassPathMapperScanner - No MyBatis mapper was found in '[com.qiniu.model3d]' package. Please check your configuration.
2025-09-27 21:10:08 [restartedMain] INFO  o.s.b.w.e.tomcat.TomcatWebServer - Tomcat initialized with port(s): 8081 (http)
2025-09-27 21:10:08 [restartedMain] INFO  o.a.catalina.core.StandardService - Starting service [Tomcat]
2025-09-27 21:10:08 [restartedMain] INFO  o.a.catalina.core.StandardEngine - Starting Servlet engine: [Apache Tomcat/9.0.75]
2025-09-27 21:10:08 [restartedMain] INFO  o.a.c.c.C.[Tomcat].[localhost].[/] - Initializing Spring embedded WebApplicationContext
2025-09-27 21:10:08 [restartedMain] INFO  o.s.b.w.s.c.ServletWebServerApplicationContext - Root WebApplicationContext: initialization completed in 1160 ms
2025-09-27 21:10:08 [restartedMain] INFO  com.zaxxer.hikari.HikariDataSource - HikariPool-1 - Starting...
2025-09-27 21:10:08 [restartedMain] INFO  com.zaxxer.hikari.HikariDataSource - HikariPool-1 - Start completed.
2025-09-27 21:10:08 [restartedMain] INFO  o.s.b.a.h.H2ConsoleAutoConfiguration - H2 console available at '/h2-console'. Database available at 'jdbc:h2:mem:testdb'
2025-09-27 21:10:09 [restartedMain] INFO  o.h.jpa.internal.util.LogHelper - HHH000204: Processing PersistenceUnitInfo [name: default]
2025-09-27 21:10:09 [restartedMain] INFO  org.hibernate.Version - HHH000412: Hibernate ORM core version 5.6.15.Final
2025-09-27 21:10:09 [restartedMain] INFO  o.h.annotations.common.Version - HCANN000001: Hibernate Commons Annotations {5.1.2.Final}
2025-09-27 21:10:09 [restartedMain] INFO  org.hibernate.dialect.Dialect - HHH000400: Using dialect: org.hibernate.dialect.H2Dialect
2025-09-27 21:10:09 [restartedMain] DEBUG org.hibernate.SQL - 
    
    drop table if exists model_tasks CASCADE 
2025-09-27 21:10:09 [restartedMain] DEBUG org.hibernate.SQL - 
    
    create table model_tasks (
       id bigint generated by default as identity,
        access_count integer,
        cache_hit_count integer,
        cached boolean,
        client_ip varchar(45),
        completed_at timestamp,
        complexity varchar(20),
        created_at timestamp not null,
        error_message TEXT,
        faces_count integer,
        file_signature varchar(64),
        file_size bigint,
        gltf_file_path varchar(500),
        input_hash varchar(64),
        input_image_path varchar(500),
        input_text TEXT,
        last_accessed timestamp,
        last_accessed_at timestamp,
        model_file_path varchar(500),
        model_id varchar(50),
        obj_file_path varchar(500),
        output_format varchar(10),
        preview_image_path varchar(500),
        progress integer,
        reference_count integer,
        similarity_usage_count integer,
        status varchar(20) not null,
        stl_file_path varchar(500),
        task_id varchar(50) not null,
        type varchar(20) not null,
        updated_at timestamp,
        vertices_count integer,
        primary key (id)
    )
2025-09-27 21:10:09 [restartedMain] DEBUG org.hibernate.SQL - 
    
    alter table model_tasks 
       add constraint UK_iv6mv0n504e5iyb3qlpk88ibs unique (task_id)
2025-09-27 21:10:09 [restartedMain] INFO  o.h.e.t.j.p.i.JtaPlatformInitiator - HHH000490: Using JtaPlatform implementation: [org.hibernate.engine.transaction.jta.platform.internal.NoJtaPlatform]
2025-09-27 21:10:09 [restartedMain] INFO  o.s.o.j.LocalContainerEntityManagerFactoryBean - Initialized JPA EntityManagerFactory for persistence unit 'default'
2025-09-27 21:10:09 [restartedMain] INFO  c.q.m.s.impl.TencentAi3dClientImpl - 腾讯云AI3D客户端初始化成功，区域: ap-guangzhou
2025-09-27 21:10:10 [restartedMain] WARN  o.s.b.a.o.j.JpaBaseConfiguration$JpaWebConfiguration - spring.jpa.open-in-view is enabled by default. Therefore, database queries may be performed during view rendering. Explicitly configure spring.jpa.open-in-view to disable this warning
2025-09-27 21:10:10 [restartedMain] INFO  o.s.b.a.w.s.WelcomePageHandlerMapping - Adding welcome page: class path resource [static/index.html]
2025-09-27 21:10:10 [restartedMain] INFO  o.s.b.d.a.OptionalLiveReloadServer - LiveReload server is running on port 35729
2025-09-27 21:10:10 [restartedMain] INFO  o.s.b.w.e.tomcat.TomcatWebServer - Tomcat started on port(s): 8081 (http) with context path ''
2025-09-27 21:10:10 [restartedMain] INFO  com.qiniu.model3d.Application - Started Application in 3.557 seconds (JVM running for 3.965)
2025-09-27 21:10:22 [http-nio-8081-exec-1] INFO  o.a.c.c.C.[Tomcat].[localhost].[/] - Initializing Spring DispatcherServlet 'dispatcherServlet'
2025-09-27 21:10:22 [http-nio-8081-exec-1] INFO  o.s.web.servlet.DispatcherServlet - Initializing Servlet 'dispatcherServlet'
2025-09-27 21:10:22 [http-nio-8081-exec-1] INFO  o.s.web.servlet.DispatcherServlet - Completed initialization in 0 ms
2025-09-27 21:10:49 [File Watcher] INFO  o.s.b.d.a.LocalDevToolsAutoConfiguration$RestartingClassPathChangeChangedEventListener - Restarting due to 63 class path changes (0 additions, 4 deletions, 59 modifications)
2025-09-27 21:10:49 [Thread-5] INFO  o.a.catalina.core.StandardService - Stopping service [Tomcat]
2025-09-27 21:10:49 [Thread-5] INFO  o.a.c.c.C.[Tomcat].[localhost].[/] - Destroying Spring FrameworkServlet 'dispatcherServlet'
2025-09-27 21:10:49 [Thread-5] INFO  o.s.o.j.LocalContainerEntityManagerFactoryBean - Closing JPA EntityManagerFactory for persistence unit 'default'
2025-09-27 21:10:49 [Thread-5] INFO  o.h.t.s.i.SchemaDropperImpl$DelayedDropActionImpl - HHH000477: Starting delayed evictData of schema as part of SessionFactory shut-down'
2025-09-27 21:10:49 [Thread-5] DEBUG org.hibernate.SQL - 
    
    drop table if exists model_tasks CASCADE 
2025-09-27 21:10:49 [Thread-5] WARN  o.s.b.f.s.DisposableBeanAdapter - Invocation of destroy method failed on bean with name 'inMemoryDatabaseShutdownExecutor': org.h2.jdbc.JdbcSQLNonTransientConnectionException: Database is already closed (to disable automatic closing at VM shutdown, add ";DB_CLOSE_ON_EXIT=FALSE" to the db URL) [90121-224]
2025-09-27 21:10:49 [Thread-5] INFO  com.zaxxer.hikari.HikariDataSource - HikariPool-1 - Shutdown initiated...
2025-09-27 21:10:49 [Thread-5] INFO  com.zaxxer.hikari.HikariDataSource - HikariPool-1 - Shutdown completed.
2025-09-27 21:10:49 [restartedMain] INFO  com.qiniu.model3d.Application - Starting Application using Java 21.0.8 on 徐森森的PC with PID 3972 (D:\qiniuCloud\qiniu\qiniu-3d-generator\target\classes started by xhs20 in D:\qiniuCloud\qiniu\qiniu-3d-generator)
2025-09-27 21:10:49 [restartedMain] DEBUG com.qiniu.model3d.Application - Running with Spring Boot v2.6.15, Spring v5.3.27
2025-09-27 21:10:49 [restartedMain] INFO  com.qiniu.model3d.Application - The following 1 profile is active: "dev"
2025-09-27 21:10:49 [restartedMain] WARN  o.s.b.c.config.ConfigDataEnvironment - Property 'spring.profiles' imported from location 'class path resource [application.yml]' is invalid and should be replaced with 'spring.config.activate.on-profile' [origin: class path resource [application.yml] - 129:13]
2025-09-27 21:10:49 [restartedMain] WARN  o.s.b.c.config.ConfigDataEnvironment - Property 'spring.profiles' imported from location 'class path resource [application.yml]' is invalid and should be replaced with 'spring.config.activate.on-profile' [origin: class path resource [application.yml] - 112:13]
2025-09-27 21:10:50 [restartedMain] INFO  o.s.d.r.c.RepositoryConfigurationDelegate - Bootstrapping Spring Data JPA repositories in DEFAULT mode.
2025-09-27 21:10:50 [restartedMain] INFO  o.s.d.r.c.RepositoryConfigurationDelegate - Finished Spring Data repository scanning in 22 ms. Found 1 JPA repository interfaces.
2025-09-27 21:10:50 [restartedMain] WARN  o.m.s.mapper.ClassPathMapperScanner - No MyBatis mapper was found in '[com.qiniu.model3d]' package. Please check your configuration.
2025-09-27 21:10:50 [restartedMain] INFO  o.s.b.w.e.tomcat.TomcatWebServer - Tomcat initialized with port(s): 8081 (http)
2025-09-27 21:10:50 [restartedMain] INFO  o.a.catalina.core.StandardService - Starting service [Tomcat]
2025-09-27 21:10:50 [restartedMain] INFO  o.a.catalina.core.StandardEngine - Starting Servlet engine: [Apache Tomcat/9.0.75]
2025-09-27 21:10:50 [restartedMain] INFO  o.a.c.c.C.[Tomcat].[localhost].[/] - Initializing Spring embedded WebApplicationContext
2025-09-27 21:10:50 [restartedMain] INFO  o.s.b.w.s.c.ServletWebServerApplicationContext - Root WebApplicationContext: initialization completed in 326 ms
2025-09-27 21:10:50 [restartedMain] INFO  com.zaxxer.hikari.HikariDataSource - HikariPool-2 - Starting...
2025-09-27 21:10:50 [restartedMain] INFO  com.zaxxer.hikari.HikariDataSource - HikariPool-2 - Start completed.
2025-09-27 21:10:50 [restartedMain] INFO  o.s.b.a.h.H2ConsoleAutoConfiguration - H2 console available at '/h2-console'. Database available at 'jdbc:h2:mem:testdb'
2025-09-27 21:10:50 [restartedMain] INFO  o.h.jpa.internal.util.LogHelper - HHH000204: Processing PersistenceUnitInfo [name: default]
2025-09-27 21:10:50 [restartedMain] INFO  org.hibernate.dialect.Dialect - HHH000400: Using dialect: org.hibernate.dialect.H2Dialect
2025-09-27 21:10:50 [restartedMain] DEBUG org.hibernate.SQL - 
    
    drop table if exists model_tasks CASCADE 
2025-09-27 21:10:50 [restartedMain] DEBUG org.hibernate.SQL - 
    
    create table model_tasks (
       id bigint generated by default as identity,
        access_count integer,
        cache_hit_count integer,
        cached boolean,
        client_ip varchar(45),
        completed_at timestamp,
        complexity varchar(20),
        created_at timestamp not null,
        error_message TEXT,
        faces_count integer,
        file_signature varchar(64),
        file_size bigint,
        gltf_file_path varchar(500),
        input_hash varchar(64),
        input_image_path varchar(500),
        input_text TEXT,
        last_accessed timestamp,
        last_accessed_at timestamp,
        model_file_path varchar(500),
        model_id varchar(50),
        obj_file_path varchar(500),
        output_format varchar(10),
        preview_image_path varchar(500),
        progress integer,
        reference_count integer,
        similarity_usage_count integer,
        status varchar(20) not null,
        stl_file_path varchar(500),
        task_id varchar(50) not null,
        type varchar(20) not null,
        updated_at timestamp,
        vertices_count integer,
        primary key (id)
    )
2025-09-27 21:10:50 [restartedMain] DEBUG org.hibernate.SQL - 
    
    alter table model_tasks 
       add constraint UK_iv6mv0n504e5iyb3qlpk88ibs unique (task_id)
2025-09-27 21:10:50 [restartedMain] INFO  o.h.e.t.j.p.i.JtaPlatformInitiator - HHH000490: Using JtaPlatform implementation: [org.hibernate.engine.transaction.jta.platform.internal.NoJtaPlatform]
2025-09-27 21:10:50 [restartedMain] INFO  o.s.o.j.LocalContainerEntityManagerFactoryBean - Initialized JPA EntityManagerFactory for persistence unit 'default'
2025-09-27 21:10:50 [restartedMain] INFO  c.q.m.s.impl.TencentAi3dClientImpl - 腾讯云AI3D客户端初始化成功，区域: ap-guangzhou
2025-09-27 21:10:50 [restartedMain] WARN  o.s.b.a.o.j.JpaBaseConfiguration$JpaWebConfiguration - spring.jpa.open-in-view is enabled by default. Therefore, database queries may be performed during view rendering. Explicitly configure spring.jpa.open-in-view to disable this warning
2025-09-27 21:10:50 [restartedMain] INFO  o.s.b.a.w.s.WelcomePageHandlerMapping - Adding welcome page: class path resource [static/index.html]
2025-09-27 21:10:50 [restartedMain] INFO  o.s.b.d.a.OptionalLiveReloadServer - LiveReload server is running on port 35729
2025-09-27 21:10:50 [restartedMain] INFO  o.s.b.w.e.tomcat.TomcatWebServer - Tomcat started on port(s): 8081 (http) with context path ''
2025-09-27 21:10:50 [restartedMain] INFO  com.qiniu.model3d.Application - Started Application in 0.898 seconds (JVM running for 44.007)
2025-09-27 21:10:50 [restartedMain] INFO  o.s.b.d.a.ConditionEvaluationDeltaLoggingListener - Condition evaluation unchanged
2025-09-27 21:10:56 [File Watcher] INFO  o.s.b.d.a.LocalDevToolsAutoConfiguration$RestartingClassPathChangeChangedEventListener - Restarting due to 59 class path changes (0 additions, 0 deletions, 59 modifications)
2025-09-27 21:10:56 [Thread-7] INFO  o.a.catalina.core.StandardService - Stopping service [Tomcat]
2025-09-27 21:10:56 [Thread-7] INFO  o.s.o.j.LocalContainerEntityManagerFactoryBean - Closing JPA EntityManagerFactory for persistence unit 'default'
2025-09-27 21:10:56 [Thread-7] INFO  o.h.t.s.i.SchemaDropperImpl$DelayedDropActionImpl - HHH000477: Starting delayed evictData of schema as part of SessionFactory shut-down'
2025-09-27 21:10:56 [Thread-7] DEBUG org.hibernate.SQL - 
    
    drop table if exists model_tasks CASCADE 
2025-09-27 21:10:56 [Thread-7] WARN  o.s.b.f.s.DisposableBeanAdapter - Invocation of destroy method failed on bean with name 'inMemoryDatabaseShutdownExecutor': org.h2.jdbc.JdbcSQLNonTransientConnectionException: Database is already closed (to disable automatic closing at VM shutdown, add ";DB_CLOSE_ON_EXIT=FALSE" to the db URL) [90121-224]
2025-09-27 21:10:56 [Thread-7] INFO  com.zaxxer.hikari.HikariDataSource - HikariPool-2 - Shutdown initiated...
2025-09-27 21:10:56 [Thread-7] INFO  com.zaxxer.hikari.HikariDataSource - HikariPool-2 - Shutdown completed.
2025-09-27 21:10:56 [restartedMain] INFO  com.qiniu.model3d.Application - Starting Application using Java 21.0.8 on 徐森森的PC with PID 3972 (D:\qiniuCloud\qiniu\qiniu-3d-generator\target\classes started by xhs20 in D:\qiniuCloud\qiniu\qiniu-3d-generator)
2025-09-27 21:10:56 [restartedMain] DEBUG com.qiniu.model3d.Application - Running with Spring Boot v2.6.15, Spring v5.3.27
2025-09-27 21:10:56 [restartedMain] INFO  com.qiniu.model3d.Application - The following 1 profile is active: "dev"
2025-09-27 21:10:56 [restartedMain] WARN  o.s.b.c.config.ConfigDataEnvironment - Property 'spring.profiles' imported from location 'class path resource [application.yml]' is invalid and should be replaced with 'spring.config.activate.on-profile' [origin: class path resource [application.yml] - 129:13]
2025-09-27 21:10:56 [restartedMain] WARN  o.s.b.c.config.ConfigDataEnvironment - Property 'spring.profiles' imported from location 'class path resource [application.yml]' is invalid and should be replaced with 'spring.config.activate.on-profile' [origin: class path resource [application.yml] - 112:13]
2025-09-27 21:10:56 [restartedMain] INFO  o.s.d.r.c.RepositoryConfigurationDelegate - Bootstrapping Spring Data JPA repositories in DEFAULT mode.
2025-09-27 21:10:56 [restartedMain] INFO  o.s.d.r.c.RepositoryConfigurationDelegate - Finished Spring Data repository scanning in 19 ms. Found 1 JPA repository interfaces.
2025-09-27 21:10:56 [restartedMain] WARN  o.m.s.mapper.ClassPathMapperScanner - No MyBatis mapper was found in '[com.qiniu.model3d]' package. Please check your configuration.
2025-09-27 21:10:56 [restartedMain] INFO  o.s.b.w.e.tomcat.TomcatWebServer - Tomcat initialized with port(s): 8081 (http)
2025-09-27 21:10:56 [restartedMain] INFO  o.a.catalina.core.StandardService - Starting service [Tomcat]
2025-09-27 21:10:56 [restartedMain] INFO  o.a.catalina.core.StandardEngine - Starting Servlet engine: [Apache Tomcat/9.0.75]
2025-09-27 21:10:56 [restartedMain] INFO  o.a.c.c.C.[Tomcat].[localhost].[/] - Initializing Spring embedded WebApplicationContext
2025-09-27 21:10:56 [restartedMain] INFO  o.s.b.w.s.c.ServletWebServerApplicationContext - Root WebApplicationContext: initialization completed in 332 ms
2025-09-27 21:10:56 [restartedMain] INFO  com.zaxxer.hikari.HikariDataSource - HikariPool-3 - Starting...
2025-09-27 21:10:56 [restartedMain] INFO  com.zaxxer.hikari.HikariDataSource - HikariPool-3 - Start completed.
2025-09-27 21:10:56 [restartedMain] INFO  o.s.b.a.h.H2ConsoleAutoConfiguration - H2 console available at '/h2-console'. Database available at 'jdbc:h2:mem:testdb'
2025-09-27 21:10:56 [restartedMain] INFO  o.h.jpa.internal.util.LogHelper - HHH000204: Processing PersistenceUnitInfo [name: default]
2025-09-27 21:10:56 [restartedMain] INFO  org.hibernate.dialect.Dialect - HHH000400: Using dialect: org.hibernate.dialect.H2Dialect
2025-09-27 21:10:56 [restartedMain] DEBUG org.hibernate.SQL - 
    
    drop table if exists model_tasks CASCADE 
2025-09-27 21:10:56 [restartedMain] DEBUG org.hibernate.SQL - 
    
    create table model_tasks (
       id bigint generated by default as identity,
        access_count integer,
        cache_hit_count integer,
        cached boolean,
        client_ip varchar(45),
        completed_at timestamp,
        complexity varchar(20),
        created_at timestamp not null,
        error_message TEXT,
        faces_count integer,
        file_signature varchar(64),
        file_size bigint,
        gltf_file_path varchar(500),
        input_hash varchar(64),
        input_image_path varchar(500),
        input_text TEXT,
        last_accessed timestamp,
        last_accessed_at timestamp,
        model_file_path varchar(500),
        model_id varchar(50),
        obj_file_path varchar(500),
        output_format varchar(10),
        preview_image_path varchar(500),
        progress integer,
        reference_count integer,
        similarity_usage_count integer,
        status varchar(20) not null,
        stl_file_path varchar(500),
        task_id varchar(50) not null,
        type varchar(20) not null,
        updated_at timestamp,
        vertices_count integer,
        primary key (id)
    )
2025-09-27 21:10:56 [restartedMain] DEBUG org.hibernate.SQL - 
    
    alter table model_tasks 
       add constraint UK_iv6mv0n504e5iyb3qlpk88ibs unique (task_id)
2025-09-27 21:10:56 [restartedMain] INFO  o.h.e.t.j.p.i.JtaPlatformInitiator - HHH000490: Using JtaPlatform implementation: [org.hibernate.engine.transaction.jta.platform.internal.NoJtaPlatform]
2025-09-27 21:10:56 [restartedMain] INFO  o.s.o.j.LocalContainerEntityManagerFactoryBean - Initialized JPA EntityManagerFactory for persistence unit 'default'
2025-09-27 21:10:56 [restartedMain] INFO  c.q.m.s.impl.TencentAi3dClientImpl - 腾讯云AI3D客户端初始化成功，区域: ap-guangzhou
2025-09-27 21:10:57 [restartedMain] WARN  o.s.b.a.o.j.JpaBaseConfiguration$JpaWebConfiguration - spring.jpa.open-in-view is enabled by default. Therefore, database queries may be performed during view rendering. Explicitly configure spring.jpa.open-in-view to disable this warning
2025-09-27 21:10:57 [restartedMain] INFO  o.s.b.a.w.s.WelcomePageHandlerMapping - Adding welcome page: class path resource [static/index.html]
2025-09-27 21:10:57 [restartedMain] INFO  o.s.b.d.a.OptionalLiveReloadServer - LiveReload server is running on port 35729
2025-09-27 21:10:57 [restartedMain] INFO  o.s.b.w.e.tomcat.TomcatWebServer - Tomcat started on port(s): 8081 (http) with context path ''
2025-09-27 21:10:57 [restartedMain] INFO  com.qiniu.model3d.Application - Started Application in 0.727 seconds (JVM running for 50.322)
2025-09-27 21:10:57 [restartedMain] INFO  o.s.b.d.a.ConditionEvaluationDeltaLoggingListener - Condition evaluation unchanged
2025-09-27 21:11:20 [File Watcher] INFO  o.s.b.d.a.LocalDevToolsAutoConfiguration$RestartingClassPathChangeChangedEventListener - Restarting due to 1 class path change (0 additions, 0 deletions, 1 modification)
2025-09-27 21:11:20 [Thread-12] INFO  o.a.catalina.core.StandardService - Stopping service [Tomcat]
2025-09-27 21:11:20 [Thread-12] INFO  o.s.o.j.LocalContainerEntityManagerFactoryBean - Closing JPA EntityManagerFactory for persistence unit 'default'
2025-09-27 21:11:20 [Thread-12] INFO  o.h.t.s.i.SchemaDropperImpl$DelayedDropActionImpl - HHH000477: Starting delayed evictData of schema as part of SessionFactory shut-down'
2025-09-27 21:11:20 [Thread-12] DEBUG org.hibernate.SQL - 
    
    drop table if exists model_tasks CASCADE 
2025-09-27 21:11:20 [Thread-12] WARN  o.s.b.f.s.DisposableBeanAdapter - Invocation of destroy method failed on bean with name 'inMemoryDatabaseShutdownExecutor': org.h2.jdbc.JdbcSQLNonTransientConnectionException: Database is already closed (to disable automatic closing at VM shutdown, add ";DB_CLOSE_ON_EXIT=FALSE" to the db URL) [90121-224]
2025-09-27 21:11:20 [Thread-12] INFO  com.zaxxer.hikari.HikariDataSource - HikariPool-3 - Shutdown initiated...
2025-09-27 21:11:20 [Thread-12] INFO  com.zaxxer.hikari.HikariDataSource - HikariPool-3 - Shutdown completed.
2025-09-27 21:11:20 [restartedMain] INFO  com.qiniu.model3d.Application - Starting Application using Java 21.0.8 on 徐森森的PC with PID 3972 (D:\qiniuCloud\qiniu\qiniu-3d-generator\target\classes started by xhs20 in D:\qiniuCloud\qiniu\qiniu-3d-generator)
2025-09-27 21:11:20 [restartedMain] DEBUG com.qiniu.model3d.Application - Running with Spring Boot v2.6.15, Spring v5.3.27
2025-09-27 21:11:20 [restartedMain] INFO  com.qiniu.model3d.Application - The following 1 profile is active: "dev"
2025-09-27 21:11:20 [restartedMain] WARN  o.s.b.c.config.ConfigDataEnvironment - Property 'spring.profiles' imported from location 'class path resource [application.yml]' is invalid and should be replaced with 'spring.config.activate.on-profile' [origin: class path resource [application.yml] - 129:13]
2025-09-27 21:11:20 [restartedMain] WARN  o.s.b.c.config.ConfigDataEnvironment - Property 'spring.profiles' imported from location 'class path resource [application.yml]' is invalid and should be replaced with 'spring.config.activate.on-profile' [origin: class path resource [application.yml] - 112:13]
2025-09-27 21:11:20 [restartedMain] INFO  o.s.d.r.c.RepositoryConfigurationDelegate - Bootstrapping Spring Data JPA repositories in DEFAULT mode.
2025-09-27 21:11:20 [restartedMain] INFO  o.s.d.r.c.RepositoryConfigurationDelegate - Finished Spring Data repository scanning in 22 ms. Found 1 JPA repository interfaces.
2025-09-27 21:11:20 [restartedMain] WARN  o.m.s.mapper.ClassPathMapperScanner - No MyBatis mapper was found in '[com.qiniu.model3d]' package. Please check your configuration.
2025-09-27 21:11:20 [restartedMain] INFO  o.s.b.w.e.tomcat.TomcatWebServer - Tomcat initialized with port(s): 8081 (http)
2025-09-27 21:11:20 [restartedMain] INFO  o.a.catalina.core.StandardService - Starting service [Tomcat]
2025-09-27 21:11:20 [restartedMain] INFO  o.a.catalina.core.StandardEngine - Starting Servlet engine: [Apache Tomcat/9.0.75]
2025-09-27 21:11:20 [restartedMain] INFO  o.a.c.c.C.[Tomcat].[localhost].[/] - Initializing Spring embedded WebApplicationContext
2025-09-27 21:11:20 [restartedMain] INFO  o.s.b.w.s.c.ServletWebServerApplicationContext - Root WebApplicationContext: initialization completed in 444 ms
2025-09-27 21:11:20 [restartedMain] INFO  com.zaxxer.hikari.HikariDataSource - HikariPool-4 - Starting...
2025-09-27 21:11:20 [restartedMain] INFO  com.zaxxer.hikari.HikariDataSource - HikariPool-4 - Start completed.
2025-09-27 21:11:20 [restartedMain] INFO  o.s.b.a.h.H2ConsoleAutoConfiguration - H2 console available at '/h2-console'. Database available at 'jdbc:h2:mem:testdb'
2025-09-27 21:11:20 [restartedMain] INFO  o.h.jpa.internal.util.LogHelper - HHH000204: Processing PersistenceUnitInfo [name: default]
2025-09-27 21:11:20 [restartedMain] INFO  org.hibernate.dialect.Dialect - HHH000400: Using dialect: org.hibernate.dialect.H2Dialect
2025-09-27 21:11:21 [restartedMain] DEBUG org.hibernate.SQL - 
    
    drop table if exists model_tasks CASCADE 
2025-09-27 21:11:21 [restartedMain] DEBUG org.hibernate.SQL - 
    
    create table model_tasks (
       id bigint generated by default as identity,
        access_count integer,
        cache_hit_count integer,
        cached boolean,
        client_ip varchar(45),
        completed_at timestamp,
        complexity varchar(20),
        created_at timestamp not null,
        error_message TEXT,
        faces_count integer,
        file_signature varchar(64),
        file_size bigint,
        gltf_file_path varchar(500),
        input_hash varchar(64),
        input_image_path varchar(500),
        input_text TEXT,
        last_accessed timestamp,
        last_accessed_at timestamp,
        model_file_path varchar(500),
        model_id varchar(50),
        obj_file_path varchar(500),
        output_format varchar(10),
        preview_image_path varchar(500),
        progress integer,
        reference_count integer,
        similarity_usage_count integer,
        status varchar(20) not null,
        stl_file_path varchar(500),
        task_id varchar(50) not null,
        type varchar(20) not null,
        updated_at timestamp,
        vertices_count integer,
        primary key (id)
    )
2025-09-27 21:11:21 [restartedMain] DEBUG org.hibernate.SQL - 
    
    alter table model_tasks 
       add constraint UK_iv6mv0n504e5iyb3qlpk88ibs unique (task_id)
2025-09-27 21:11:21 [restartedMain] INFO  o.h.e.t.j.p.i.JtaPlatformInitiator - HHH000490: Using JtaPlatform implementation: [org.hibernate.engine.transaction.jta.platform.internal.NoJtaPlatform]
2025-09-27 21:11:21 [restartedMain] INFO  o.s.o.j.LocalContainerEntityManagerFactoryBean - Initialized JPA EntityManagerFactory for persistence unit 'default'
2025-09-27 21:11:21 [restartedMain] INFO  c.q.m.s.impl.TencentAi3dClientImpl - 腾讯云AI3D客户端初始化成功，区域: ap-guangzhou
2025-09-27 21:11:21 [restartedMain] WARN  o.s.b.a.o.j.JpaBaseConfiguration$JpaWebConfiguration - spring.jpa.open-in-view is enabled by default. Therefore, database queries may be performed during view rendering. Explicitly configure spring.jpa.open-in-view to disable this warning
2025-09-27 21:11:21 [restartedMain] INFO  o.s.b.a.w.s.WelcomePageHandlerMapping - Adding welcome page: class path resource [static/index.html]
2025-09-27 21:11:21 [restartedMain] INFO  o.s.b.d.a.OptionalLiveReloadServer - LiveReload server is running on port 35729
2025-09-27 21:11:21 [restartedMain] INFO  o.s.b.w.e.tomcat.TomcatWebServer - Tomcat started on port(s): 8081 (http) with context path ''
2025-09-27 21:11:21 [restartedMain] INFO  com.qiniu.model3d.Application - Started Application in 1.097 seconds (JVM running for 74.718)
2025-09-27 21:11:21 [restartedMain] INFO  o.s.b.d.a.ConditionEvaluationDeltaLoggingListener - Condition evaluation unchanged
2025-09-27 21:11:36 [File Watcher] INFO  o.s.b.d.a.LocalDevToolsAutoConfiguration$RestartingClassPathChangeChangedEventListener - Restarting due to 59 class path changes (0 additions, 59 deletions, 0 modifications)
2025-09-27 21:11:36 [Thread-16] INFO  o.a.catalina.core.StandardService - Stopping service [Tomcat]
2025-09-27 21:11:36 [Thread-16] INFO  o.s.o.j.LocalContainerEntityManagerFactoryBean - Closing JPA EntityManagerFactory for persistence unit 'default'
2025-09-27 21:11:36 [Thread-16] INFO  o.h.t.s.i.SchemaDropperImpl$DelayedDropActionImpl - HHH000477: Starting delayed evictData of schema as part of SessionFactory shut-down'
2025-09-27 21:11:36 [Thread-16] DEBUG org.hibernate.SQL - 
    
    drop table if exists model_tasks CASCADE 
2025-09-27 21:11:36 [Thread-16] WARN  o.s.b.f.s.DisposableBeanAdapter - Invocation of destroy method failed on bean with name 'inMemoryDatabaseShutdownExecutor': org.h2.jdbc.JdbcSQLNonTransientConnectionException: Database is already closed (to disable automatic closing at VM shutdown, add ";DB_CLOSE_ON_EXIT=FALSE" to the db URL) [90121-224]
2025-09-27 21:11:36 [Thread-16] INFO  com.zaxxer.hikari.HikariDataSource - HikariPool-4 - Shutdown initiated...
2025-09-27 21:11:36 [Thread-16] INFO  com.zaxxer.hikari.HikariDataSource - HikariPool-4 - Shutdown completed.
2025-09-27 21:11:36 [restartedMain] INFO  com.qiniu.model3d.Application - Starting Application using Java 21.0.8 on 徐森森的PC with PID 3972 (D:\qiniuCloud\qiniu\qiniu-3d-generator\target\classes started by xhs20 in D:\qiniuCloud\qiniu\qiniu-3d-generator)
2025-09-27 21:11:36 [restartedMain] DEBUG com.qiniu.model3d.Application - Running with Spring Boot v2.6.15, Spring v5.3.27
2025-09-27 21:11:36 [restartedMain] INFO  com.qiniu.model3d.Application - The following 1 profile is active: "dev"
2025-09-27 21:11:36 [restartedMain] WARN  o.s.b.c.config.ConfigDataEnvironment - Property 'spring.profiles' imported from location 'class path resource [application.yml]' is invalid and should be replaced with 'spring.config.activate.on-profile' [origin: class path resource [application.yml] - 129:13]
2025-09-27 21:11:36 [restartedMain] WARN  o.s.b.c.config.ConfigDataEnvironment - Property 'spring.profiles' imported from location 'class path resource [application.yml]' is invalid and should be replaced with 'spring.config.activate.on-profile' [origin: class path resource [application.yml] - 112:13]
2025-09-27 21:11:36 [restartedMain] INFO  o.s.d.r.c.RepositoryConfigurationDelegate - Bootstrapping Spring Data JPA repositories in DEFAULT mode.
2025-09-27 21:11:36 [restartedMain] INFO  o.s.d.r.c.RepositoryConfigurationDelegate - Finished Spring Data repository scanning in 0 ms. Found 0 JPA repository interfaces.
2025-09-27 21:11:36 [restartedMain] WARN  o.m.s.mapper.ClassPathMapperScanner - No MyBatis mapper was found in '[com.qiniu.model3d]' package. Please check your configuration.
2025-09-27 21:11:36 [restartedMain] INFO  o.s.b.w.e.tomcat.TomcatWebServer - Tomcat initialized with port(s): 8081 (http)
2025-09-27 21:11:36 [restartedMain] INFO  o.a.catalina.core.StandardService - Starting service [Tomcat]
2025-09-27 21:11:36 [restartedMain] INFO  o.a.catalina.core.StandardEngine - Starting Servlet engine: [Apache Tomcat/9.0.75]
2025-09-27 21:11:36 [restartedMain] INFO  o.a.c.c.C.[Tomcat].[localhost].[/] - Initializing Spring embedded WebApplicationContext
2025-09-27 21:11:36 [restartedMain] INFO  o.s.b.w.s.c.ServletWebServerApplicationContext - Root WebApplicationContext: initialization completed in 237 ms
2025-09-27 21:11:36 [restartedMain] INFO  com.zaxxer.hikari.HikariDataSource - HikariPool-5 - Starting...
2025-09-27 21:11:36 [restartedMain] INFO  com.zaxxer.hikari.HikariDataSource - HikariPool-5 - Start completed.
2025-09-27 21:11:36 [restartedMain] INFO  o.s.b.a.h.H2ConsoleAutoConfiguration - H2 console available at '/h2-console'. Database available at 'jdbc:h2:mem:testdb'
2025-09-27 21:11:36 [restartedMain] INFO  o.h.jpa.internal.util.LogHelper - HHH000204: Processing PersistenceUnitInfo [name: default]
2025-09-27 21:11:36 [restartedMain] INFO  org.hibernate.dialect.Dialect - HHH000400: Using dialect: org.hibernate.dialect.H2Dialect
2025-09-27 21:11:36 [restartedMain] INFO  o.h.e.t.j.p.i.JtaPlatformInitiator - HHH000490: Using JtaPlatform implementation: [org.hibernate.engine.transaction.jta.platform.internal.NoJtaPlatform]
2025-09-27 21:11:36 [restartedMain] INFO  o.s.o.j.LocalContainerEntityManagerFactoryBean - Initialized JPA EntityManagerFactory for persistence unit 'default'
2025-09-27 21:11:37 [restartedMain] WARN  o.s.b.a.o.j.JpaBaseConfiguration$JpaWebConfiguration - spring.jpa.open-in-view is enabled by default. Therefore, database queries may be performed during view rendering. Explicitly configure spring.jpa.open-in-view to disable this warning
2025-09-27 21:11:37 [restartedMain] INFO  o.s.b.a.w.s.WelcomePageHandlerMapping - Adding welcome page: class path resource [static/index.html]
2025-09-27 21:11:37 [restartedMain] INFO  o.s.b.d.a.OptionalLiveReloadServer - LiveReload server is running on port 35729
2025-09-27 21:11:37 [restartedMain] INFO  o.s.b.w.e.tomcat.TomcatWebServer - Tomcat started on port(s): 8081 (http) with context path ''
2025-09-27 21:11:37 [restartedMain] INFO  com.qiniu.model3d.Application - Started Application in 0.542 seconds (JVM running for 90.42)
2025-09-27 21:11:37 [restartedMain] INFO  o.s.b.d.a.ConditionEvaluationDeltaLoggingListener - Condition evaluation unchanged
2025-09-27 21:11:39 [File Watcher] INFO  o.s.b.d.a.LocalDevToolsAutoConfiguration$RestartingClassPathChangeChangedEventListener - Restarting due to 63 class path changes (63 additions, 0 deletions, 0 modifications)
2025-09-27 21:11:39 [Thread-20] INFO  o.a.catalina.core.StandardService - Stopping service [Tomcat]
2025-09-27 21:11:39 [Thread-20] INFO  o.s.o.j.LocalContainerEntityManagerFactoryBean - Closing JPA EntityManagerFactory for persistence unit 'default'
2025-09-27 21:11:39 [Thread-20] INFO  o.h.t.s.i.SchemaDropperImpl$DelayedDropActionImpl - HHH000477: Starting delayed evictData of schema as part of SessionFactory shut-down'
2025-09-27 21:11:39 [Thread-20] WARN  o.s.b.f.s.DisposableBeanAdapter - Invocation of destroy method failed on bean with name 'inMemoryDatabaseShutdownExecutor': org.h2.jdbc.JdbcSQLNonTransientConnectionException: Database is already closed (to disable automatic closing at VM shutdown, add ";DB_CLOSE_ON_EXIT=FALSE" to the db URL) [90121-224]
2025-09-27 21:11:39 [Thread-20] INFO  com.zaxxer.hikari.HikariDataSource - HikariPool-5 - Shutdown initiated...
2025-09-27 21:11:39 [Thread-20] INFO  com.zaxxer.hikari.HikariDataSource - HikariPool-5 - Shutdown completed.
2025-09-27 21:11:39 [restartedMain] INFO  com.qiniu.model3d.Application - Starting Application using Java 21.0.8 on 徐森森的PC with PID 3972 (D:\qiniuCloud\qiniu\qiniu-3d-generator\target\classes started by xhs20 in D:\qiniuCloud\qiniu\qiniu-3d-generator)
2025-09-27 21:11:39 [restartedMain] DEBUG com.qiniu.model3d.Application - Running with Spring Boot v2.6.15, Spring v5.3.27
2025-09-27 21:11:39 [restartedMain] INFO  com.qiniu.model3d.Application - The following 1 profile is active: "dev"
2025-09-27 21:11:39 [restartedMain] WARN  o.s.b.c.config.ConfigDataEnvironment - Property 'spring.profiles' imported from location 'class path resource [application.yml]' is invalid and should be replaced with 'spring.config.activate.on-profile' [origin: class path resource [application.yml] - 129:13]
2025-09-27 21:11:39 [restartedMain] WARN  o.s.b.c.config.ConfigDataEnvironment - Property 'spring.profiles' imported from location 'class path resource [application.yml]' is invalid and should be replaced with 'spring.config.activate.on-profile' [origin: class path resource [application.yml] - 112:13]
2025-09-27 21:11:39 [restartedMain] INFO  o.s.d.r.c.RepositoryConfigurationDelegate - Bootstrapping Spring Data JPA repositories in DEFAULT mode.
2025-09-27 21:11:39 [restartedMain] INFO  o.s.d.r.c.RepositoryConfigurationDelegate - Finished Spring Data repository scanning in 19 ms. Found 1 JPA repository interfaces.
2025-09-27 21:11:39 [restartedMain] WARN  o.m.s.mapper.ClassPathMapperScanner - No MyBatis mapper was found in '[com.qiniu.model3d]' package. Please check your configuration.
2025-09-27 21:11:39 [restartedMain] INFO  o.s.b.w.e.tomcat.TomcatWebServer - Tomcat initialized with port(s): 8081 (http)
2025-09-27 21:11:39 [restartedMain] INFO  o.a.catalina.core.StandardService - Starting service [Tomcat]
2025-09-27 21:11:39 [restartedMain] INFO  o.a.catalina.core.StandardEngine - Starting Servlet engine: [Apache Tomcat/9.0.75]
2025-09-27 21:11:39 [restartedMain] INFO  o.a.c.c.C.[Tomcat].[localhost].[/] - Initializing Spring embedded WebApplicationContext
2025-09-27 21:11:39 [restartedMain] INFO  o.s.b.w.s.c.ServletWebServerApplicationContext - Root WebApplicationContext: initialization completed in 250 ms
2025-09-27 21:11:39 [restartedMain] INFO  com.zaxxer.hikari.HikariDataSource - HikariPool-6 - Starting...
2025-09-27 21:11:39 [restartedMain] INFO  com.zaxxer.hikari.HikariDataSource - HikariPool-6 - Start completed.
2025-09-27 21:11:39 [restartedMain] INFO  o.s.b.a.h.H2ConsoleAutoConfiguration - H2 console available at '/h2-console'. Database available at 'jdbc:h2:mem:testdb'
2025-09-27 21:11:39 [restartedMain] INFO  o.h.jpa.internal.util.LogHelper - HHH000204: Processing PersistenceUnitInfo [name: default]
2025-09-27 21:11:39 [restartedMain] INFO  org.hibernate.dialect.Dialect - HHH000400: Using dialect: org.hibernate.dialect.H2Dialect
2025-09-27 21:11:39 [restartedMain] DEBUG org.hibernate.SQL - 
    
    drop table if exists model_tasks CASCADE 
2025-09-27 21:11:39 [restartedMain] DEBUG org.hibernate.SQL - 
    
    create table model_tasks (
       id bigint generated by default as identity,
        access_count integer,
        cache_hit_count integer,
        cached boolean,
        client_ip varchar(45),
        completed_at timestamp,
        complexity varchar(20),
        created_at timestamp not null,
        error_message TEXT,
        faces_count integer,
        file_signature varchar(64),
        file_size bigint,
        gltf_file_path varchar(500),
        input_hash varchar(64),
        input_image_path varchar(500),
        input_text TEXT,
        last_accessed timestamp,
        last_accessed_at timestamp,
        model_file_path varchar(500),
        model_id varchar(50),
        obj_file_path varchar(500),
        output_format varchar(10),
        preview_image_path varchar(500),
        progress integer,
        reference_count integer,
        similarity_usage_count integer,
        status varchar(20) not null,
        stl_file_path varchar(500),
        task_id varchar(50) not null,
        type varchar(20) not null,
        updated_at timestamp,
        vertices_count integer,
        primary key (id)
    )
2025-09-27 21:11:39 [restartedMain] DEBUG org.hibernate.SQL - 
    
    alter table model_tasks 
       add constraint UK_iv6mv0n504e5iyb3qlpk88ibs unique (task_id)
2025-09-27 21:11:39 [restartedMain] INFO  o.h.e.t.j.p.i.JtaPlatformInitiator - HHH000490: Using JtaPlatform implementation: [org.hibernate.engine.transaction.jta.platform.internal.NoJtaPlatform]
2025-09-27 21:11:39 [restartedMain] INFO  o.s.o.j.LocalContainerEntityManagerFactoryBean - Initialized JPA EntityManagerFactory for persistence unit 'default'
2025-09-27 21:11:39 [restartedMain] INFO  c.q.m.s.impl.TencentAi3dClientImpl - 腾讯云AI3D客户端初始化成功，区域: ap-guangzhou
2025-09-27 21:11:39 [restartedMain] WARN  o.s.b.a.o.j.JpaBaseConfiguration$JpaWebConfiguration - spring.jpa.open-in-view is enabled by default. Therefore, database queries may be performed during view rendering. Explicitly configure spring.jpa.open-in-view to disable this warning
2025-09-27 21:11:39 [restartedMain] INFO  o.s.b.a.w.s.WelcomePageHandlerMapping - Adding welcome page: class path resource [static/index.html]
2025-09-27 21:11:39 [restartedMain] INFO  o.s.b.d.a.OptionalLiveReloadServer - LiveReload server is running on port 35729
2025-09-27 21:11:39 [restartedMain] INFO  o.s.b.w.e.tomcat.TomcatWebServer - Tomcat started on port(s): 8081 (http) with context path ''
2025-09-27 21:11:39 [restartedMain] INFO  com.qiniu.model3d.Application - Started Application in 0.553 seconds (JVM running for 92.868)
2025-09-27 21:11:39 [restartedMain] INFO  o.s.b.d.a.ConditionEvaluationDeltaLoggingListener - Condition evaluation delta:


==========================
CONDITION EVALUATION DELTA
==========================


Positive matches:
-----------------

   CacheSchedulerService matched:
      - @ConditionalOnProperty (cache.scheduler.enabled=true) matched (OnPropertyCondition)

   TencentHunyuanServiceImpl matched:
      - @ConditionalOnProperty (app.ai.service-type=tencent) matched (OnPropertyCondition)


Negative matches:
-----------------

   MockAIModelServiceImpl:
      Did not match:
         - @ConditionalOnProperty (app.ai.service-type=default) found different value in property 'app.ai.service-type' (OnPropertyCondition)


Exclusions:
-----------

    None


Unconditional classes:
----------------------

    None



2025-09-27 21:12:20 [File Watcher] INFO  o.s.b.d.a.LocalDevToolsAutoConfiguration$RestartingClassPathChangeChangedEventListener - Restarting due to 63 class path changes (0 additions, 63 deletions, 0 modifications)
2025-09-27 21:12:20 [Thread-24] INFO  o.a.catalina.core.StandardService - Stopping service [Tomcat]
2025-09-27 21:12:20 [Thread-24] INFO  o.s.o.j.LocalContainerEntityManagerFactoryBean - Closing JPA EntityManagerFactory for persistence unit 'default'
2025-09-27 21:12:20 [Thread-24] INFO  o.h.t.s.i.SchemaDropperImpl$DelayedDropActionImpl - HHH000477: Starting delayed evictData of schema as part of SessionFactory shut-down'
2025-09-27 21:12:20 [Thread-24] DEBUG org.hibernate.SQL - 
    
    drop table if exists model_tasks CASCADE 
2025-09-27 21:12:20 [Thread-24] WARN  o.s.b.f.s.DisposableBeanAdapter - Invocation of destroy method failed on bean with name 'inMemoryDatabaseShutdownExecutor': org.h2.jdbc.JdbcSQLNonTransientConnectionException: Database is already closed (to disable automatic closing at VM shutdown, add ";DB_CLOSE_ON_EXIT=FALSE" to the db URL) [90121-224]
2025-09-27 21:12:20 [Thread-24] INFO  com.zaxxer.hikari.HikariDataSource - HikariPool-6 - Shutdown initiated...
2025-09-27 21:12:20 [Thread-24] INFO  com.zaxxer.hikari.HikariDataSource - HikariPool-6 - Shutdown completed.
2025-09-27 21:12:20 [restartedMain] INFO  com.qiniu.model3d.Application - Starting Application using Java 21.0.8 on 徐森森的PC with PID 3972 (D:\qiniuCloud\qiniu\qiniu-3d-generator\target\classes started by xhs20 in D:\qiniuCloud\qiniu\qiniu-3d-generator)
2025-09-27 21:12:20 [restartedMain] DEBUG com.qiniu.model3d.Application - Running with Spring Boot v2.6.15, Spring v5.3.27
2025-09-27 21:12:20 [restartedMain] INFO  com.qiniu.model3d.Application - The following 1 profile is active: "dev"
2025-09-27 21:12:20 [restartedMain] WARN  o.s.b.c.config.ConfigDataEnvironment - Property 'spring.profiles' imported from location 'class path resource [application.yml]' is invalid and should be replaced with 'spring.config.activate.on-profile' [origin: class path resource [application.yml] - 129:13]
2025-09-27 21:12:20 [restartedMain] WARN  o.s.b.c.config.ConfigDataEnvironment - Property 'spring.profiles' imported from location 'class path resource [application.yml]' is invalid and should be replaced with 'spring.config.activate.on-profile' [origin: class path resource [application.yml] - 112:13]
2025-09-27 21:12:20 [restartedMain] INFO  o.s.d.r.c.RepositoryConfigurationDelegate - Bootstrapping Spring Data JPA repositories in DEFAULT mode.
2025-09-27 21:12:20 [restartedMain] INFO  o.s.d.r.c.RepositoryConfigurationDelegate - Finished Spring Data repository scanning in 8 ms. Found 0 JPA repository interfaces.
2025-09-27 21:12:20 [restartedMain] WARN  o.m.s.mapper.ClassPathMapperScanner - No MyBatis mapper was found in '[com.qiniu.model3d]' package. Please check your configuration.
2025-09-27 21:12:20 [restartedMain] INFO  o.s.b.w.e.tomcat.TomcatWebServer - Tomcat initialized with port(s): 8081 (http)
2025-09-27 21:12:20 [restartedMain] INFO  o.a.catalina.core.StandardService - Starting service [Tomcat]
2025-09-27 21:12:20 [restartedMain] INFO  o.a.catalina.core.StandardEngine - Starting Servlet engine: [Apache Tomcat/9.0.75]
2025-09-27 21:12:21 [restartedMain] INFO  o.a.c.c.C.[Tomcat].[localhost].[/] - Initializing Spring embedded WebApplicationContext
2025-09-27 21:12:21 [restartedMain] INFO  o.s.b.w.s.c.ServletWebServerApplicationContext - Root WebApplicationContext: initialization completed in 275 ms
2025-09-27 21:12:21 [restartedMain] INFO  com.zaxxer.hikari.HikariDataSource - HikariPool-7 - Starting...
2025-09-27 21:12:21 [restartedMain] INFO  com.zaxxer.hikari.HikariDataSource - HikariPool-7 - Start completed.
2025-09-27 21:12:21 [restartedMain] INFO  o.s.b.a.h.H2ConsoleAutoConfiguration - H2 console available at '/h2-console'. Database available at 'jdbc:h2:mem:testdb'
2025-09-27 21:12:21 [restartedMain] INFO  o.h.jpa.internal.util.LogHelper - HHH000204: Processing PersistenceUnitInfo [name: default]
2025-09-27 21:12:21 [restartedMain] INFO  org.hibernate.dialect.Dialect - HHH000400: Using dialect: org.hibernate.dialect.H2Dialect
2025-09-27 21:12:21 [restartedMain] DEBUG org.hibernate.SQL - 
    
    drop table if exists model_tasks CASCADE 
2025-09-27 21:12:21 [restartedMain] DEBUG org.hibernate.SQL - 
    
    create table model_tasks (
       id bigint generated by default as identity,
        access_count integer,
        cache_hit_count integer,
        cached boolean,
        client_ip varchar(45),
        completed_at timestamp,
        complexity varchar(20),
        created_at timestamp not null,
        error_message TEXT,
        faces_count integer,
        file_signature varchar(64),
        file_size bigint,
        gltf_file_path varchar(500),
        input_hash varchar(64),
        input_image_path varchar(500),
        input_text TEXT,
        last_accessed timestamp,
        last_accessed_at timestamp,
        model_file_path varchar(500),
        model_id varchar(50),
        obj_file_path varchar(500),
        output_format varchar(10),
        preview_image_path varchar(500),
        progress integer,
        reference_count integer,
        similarity_usage_count integer,
        status varchar(20) not null,
        stl_file_path varchar(500),
        task_id varchar(50) not null,
        type varchar(20) not null,
        updated_at timestamp,
        vertices_count integer,
        primary key (id)
    )
2025-09-27 21:12:21 [restartedMain] DEBUG org.hibernate.SQL - 
    
    alter table model_tasks 
       add constraint UK_iv6mv0n504e5iyb3qlpk88ibs unique (task_id)
2025-09-27 21:12:21 [restartedMain] INFO  o.h.e.t.j.p.i.JtaPlatformInitiator - HHH000490: Using JtaPlatform implementation: [org.hibernate.engine.transaction.jta.platform.internal.NoJtaPlatform]
2025-09-27 21:12:21 [restartedMain] INFO  o.s.o.j.LocalContainerEntityManagerFactoryBean - Initialized JPA EntityManagerFactory for persistence unit 'default'
2025-09-27 21:12:21 [restartedMain] WARN  o.s.b.w.s.c.AnnotationConfigServletWebServerApplicationContext - Exception encountered during context initialization - cancelling refresh attempt: org.springframework.beans.factory.UnsatisfiedDependencyException: Error creating bean with name 'testController': Unsatisfied dependency expressed through field 'aiModelService'; nested exception is org.springframework.beans.factory.UnsatisfiedDependencyException: Error creating bean with name 'tencentHunyuanService': Unsatisfied dependency expressed through field 'tencentAi3dClient'; nested exception is org.springframework.beans.factory.NoSuchBeanDefinitionException: No qualifying bean of type 'com.qiniu.model3d.service.TencentAi3dClient' available: expected at least 1 bean which qualifies as autowire candidate. Dependency annotations: {@org.springframework.beans.factory.annotation.Autowired(required=true)}
2025-09-27 21:12:21 [restartedMain] INFO  o.s.o.j.LocalContainerEntityManagerFactoryBean - Closing JPA EntityManagerFactory for persistence unit 'default'
2025-09-27 21:12:21 [restartedMain] INFO  o.h.t.s.i.SchemaDropperImpl$DelayedDropActionImpl - HHH000477: Starting delayed evictData of schema as part of SessionFactory shut-down'
2025-09-27 21:12:21 [restartedMain] DEBUG org.hibernate.SQL - 
    
    drop table if exists model_tasks CASCADE 
2025-09-27 21:12:21 [restartedMain] WARN  o.s.b.f.s.DisposableBeanAdapter - Invocation of destroy method failed on bean with name 'inMemoryDatabaseShutdownExecutor': org.h2.jdbc.JdbcSQLNonTransientConnectionException: Database is already closed (to disable automatic closing at VM shutdown, add ";DB_CLOSE_ON_EXIT=FALSE" to the db URL) [90121-224]
2025-09-27 21:12:21 [restartedMain] INFO  com.zaxxer.hikari.HikariDataSource - HikariPool-7 - Shutdown initiated...
2025-09-27 21:12:21 [restartedMain] INFO  com.zaxxer.hikari.HikariDataSource - HikariPool-7 - Shutdown completed.
2025-09-27 21:12:21 [restartedMain] INFO  o.a.catalina.core.StandardService - Stopping service [Tomcat]
2025-09-27 21:12:21 [restartedMain] INFO  o.s.b.a.l.ConditionEvaluationReportLoggingListener - 

Error starting ApplicationContext. To display the conditions report re-run your application with 'debug' enabled.
2025-09-27 21:12:21 [restartedMain] ERROR o.s.b.d.LoggingFailureAnalysisReporter - 

***************************
APPLICATION FAILED TO START
***************************

Description:

Field tencentAi3dClient in com.qiniu.model3d.service.impl.TencentHunyuanServiceImpl required a bean of type 'com.qiniu.model3d.service.TencentAi3dClient' that could not be found.

The injection point has the following annotations:
	- @org.springframework.beans.factory.annotation.Autowired(required=true)


Action:

Consider defining a bean of type 'com.qiniu.model3d.service.TencentAi3dClient' in your configuration.

2025-09-27 21:12:22 [restartedMain] INFO  com.qiniu.model3d.Application - Starting Application using Java 21.0.8 on 徐森森的PC with PID 3972 (D:\qiniuCloud\qiniu\qiniu-3d-generator\target\classes started by xhs20 in D:\qiniuCloud\qiniu\qiniu-3d-generator)
2025-09-27 21:12:22 [restartedMain] DEBUG com.qiniu.model3d.Application - Running with Spring Boot v2.6.15, Spring v5.3.27
2025-09-27 21:12:22 [restartedMain] INFO  com.qiniu.model3d.Application - The following 1 profile is active: "dev"
2025-09-27 21:12:22 [restartedMain] WARN  o.s.b.c.config.ConfigDataEnvironment - Property 'spring.profiles' imported from location 'class path resource [application.yml]' is invalid and should be replaced with 'spring.config.activate.on-profile' [origin: class path resource [application.yml] - 129:13]
2025-09-27 21:12:22 [restartedMain] WARN  o.s.b.c.config.ConfigDataEnvironment - Property 'spring.profiles' imported from location 'class path resource [application.yml]' is invalid and should be replaced with 'spring.config.activate.on-profile' [origin: class path resource [application.yml] - 112:13]
2025-09-27 21:12:22 [restartedMain] INFO  o.s.d.r.c.RepositoryConfigurationDelegate - Bootstrapping Spring Data JPA repositories in DEFAULT mode.
2025-09-27 21:12:22 [restartedMain] INFO  o.s.d.r.c.RepositoryConfigurationDelegate - Finished Spring Data repository scanning in 14 ms. Found 1 JPA repository interfaces.
2025-09-27 21:12:22 [restartedMain] WARN  o.m.s.mapper.ClassPathMapperScanner - No MyBatis mapper was found in '[com.qiniu.model3d]' package. Please check your configuration.
2025-09-27 21:12:22 [restartedMain] INFO  o.s.b.w.e.tomcat.TomcatWebServer - Tomcat initialized with port(s): 8081 (http)
2025-09-27 21:12:22 [restartedMain] INFO  o.a.catalina.core.StandardService - Starting service [Tomcat]
2025-09-27 21:12:22 [restartedMain] INFO  o.a.catalina.core.StandardEngine - Starting Servlet engine: [Apache Tomcat/9.0.75]
2025-09-27 21:12:22 [restartedMain] INFO  o.a.c.c.C.[Tomcat-1].[localhost].[/] - Initializing Spring embedded WebApplicationContext
2025-09-27 21:12:22 [restartedMain] INFO  o.s.b.w.s.c.ServletWebServerApplicationContext - Root WebApplicationContext: initialization completed in 215 ms
2025-09-27 21:12:22 [restartedMain] INFO  com.zaxxer.hikari.HikariDataSource - HikariPool-8 - Starting...
2025-09-27 21:12:22 [restartedMain] INFO  com.zaxxer.hikari.HikariDataSource - HikariPool-8 - Start completed.
2025-09-27 21:12:22 [restartedMain] INFO  o.s.b.a.h.H2ConsoleAutoConfiguration - H2 console available at '/h2-console'. Database available at 'jdbc:h2:mem:testdb'
2025-09-27 21:12:22 [restartedMain] INFO  o.h.jpa.internal.util.LogHelper - HHH000204: Processing PersistenceUnitInfo [name: default]
2025-09-27 21:12:22 [restartedMain] INFO  org.hibernate.dialect.Dialect - HHH000400: Using dialect: org.hibernate.dialect.H2Dialect
2025-09-27 21:12:22 [restartedMain] DEBUG org.hibernate.SQL - 
    
    drop table if exists model_tasks CASCADE 
2025-09-27 21:12:22 [restartedMain] DEBUG org.hibernate.SQL - 
    
    create table model_tasks (
       id bigint generated by default as identity,
        access_count integer,
        cache_hit_count integer,
        cached boolean,
        client_ip varchar(45),
        completed_at timestamp,
        complexity varchar(20),
        created_at timestamp not null,
        error_message TEXT,
        faces_count integer,
        file_signature varchar(64),
        file_size bigint,
        gltf_file_path varchar(500),
        input_hash varchar(64),
        input_image_path varchar(500),
        input_text TEXT,
        last_accessed timestamp,
        last_accessed_at timestamp,
        model_file_path varchar(500),
        model_id varchar(50),
        obj_file_path varchar(500),
        output_format varchar(10),
        preview_image_path varchar(500),
        progress integer,
        reference_count integer,
        similarity_usage_count integer,
        status varchar(20) not null,
        stl_file_path varchar(500),
        task_id varchar(50) not null,
        type varchar(20) not null,
        updated_at timestamp,
        vertices_count integer,
        primary key (id)
    )
2025-09-27 21:12:22 [restartedMain] DEBUG org.hibernate.SQL - 
    
    alter table model_tasks 
       add constraint UK_iv6mv0n504e5iyb3qlpk88ibs unique (task_id)
2025-09-27 21:12:22 [restartedMain] INFO  o.h.e.t.j.p.i.JtaPlatformInitiator - HHH000490: Using JtaPlatform implementation: [org.hibernate.engine.transaction.jta.platform.internal.NoJtaPlatform]
2025-09-27 21:12:22 [restartedMain] INFO  o.s.o.j.LocalContainerEntityManagerFactoryBean - Initialized JPA EntityManagerFactory for persistence unit 'default'
2025-09-27 21:12:22 [restartedMain] INFO  c.q.m.s.impl.TencentAi3dClientImpl - 腾讯云AI3D客户端初始化成功，区域: ap-guangzhou
2025-09-27 21:12:23 [restartedMain] WARN  o.s.b.a.o.j.JpaBaseConfiguration$JpaWebConfiguration - spring.jpa.open-in-view is enabled by default. Therefore, database queries may be performed during view rendering. Explicitly configure spring.jpa.open-in-view to disable this warning
2025-09-27 21:12:23 [restartedMain] INFO  o.s.b.a.w.s.WelcomePageHandlerMapping - Adding welcome page: class path resource [static/index.html]
2025-09-27 21:12:23 [restartedMain] INFO  o.s.b.d.a.OptionalLiveReloadServer - LiveReload server is running on port 35729
2025-09-27 21:12:23 [restartedMain] INFO  o.s.b.w.e.tomcat.TomcatWebServer - Tomcat started on port(s): 8081 (http) with context path ''
2025-09-27 21:12:23 [restartedMain] INFO  com.qiniu.model3d.Application - Started Application in 0.491 seconds (JVM running for 136.298)
2025-09-27 21:12:23 [restartedMain] INFO  o.s.b.d.a.ConditionEvaluationDeltaLoggingListener - Condition evaluation unchanged
2025-09-27 21:13:13 [restartedMain] INFO  com.qiniu.model3d.Application - Starting Application using Java 21.0.8 on 徐森森的PC with PID 15860 (D:\qiniuCloud\qiniu\qiniu-3d-generator\target\classes started by xhs20 in D:\qiniuCloud\qiniu\qiniu-3d-generator)
2025-09-27 21:13:13 [restartedMain] DEBUG com.qiniu.model3d.Application - Running with Spring Boot v2.6.15, Spring v5.3.27
2025-09-27 21:13:13 [restartedMain] INFO  com.qiniu.model3d.Application - The following 1 profile is active: "dev"
2025-09-27 21:13:13 [restartedMain] WARN  o.s.b.c.config.ConfigDataEnvironment - Property 'spring.profiles' imported from location 'class path resource [application.yml]' is invalid and should be replaced with 'spring.config.activate.on-profile' [origin: class path resource [application.yml] - 129:13]
2025-09-27 21:13:13 [restartedMain] WARN  o.s.b.c.config.ConfigDataEnvironment - Property 'spring.profiles' imported from location 'class path resource [application.yml]' is invalid and should be replaced with 'spring.config.activate.on-profile' [origin: class path resource [application.yml] - 112:13]
2025-09-27 21:13:13 [restartedMain] INFO  o.s.b.d.restart.ChangeableUrls - The Class-Path manifest attribute in C:\Users\xhs20\.m2\repository\org\glassfish\jaxb\jaxb-runtime\2.3.1\jaxb-runtime-2.3.1.jar referenced one or more files that do not exist: file:/C:/Users/xhs20/.m2/repository/org/glassfish/jaxb/jaxb-runtime/2.3.1/jaxb-api-2.3.1.jar,file:/C:/Users/xhs20/.m2/repository/org/glassfish/jaxb/jaxb-runtime/2.3.1/txw2-2.3.1.jar,file:/C:/Users/xhs20/.m2/repository/org/glassfish/jaxb/jaxb-runtime/2.3.1/istack-commons-runtime-3.0.7.jar,file:/C:/Users/xhs20/.m2/repository/org/glassfish/jaxb/jaxb-runtime/2.3.1/stax-ex-1.8.jar,file:/C:/Users/xhs20/.m2/repository/org/glassfish/jaxb/jaxb-runtime/2.3.1/FastInfoset-1.2.15.jar,file:/C:/Users/xhs20/.m2/repository/org/glassfish/jaxb/jaxb-runtime/2.3.1/javax.activation-api-1.2.0.jar
2025-09-27 21:13:13 [restartedMain] INFO  o.s.b.d.e.DevToolsPropertyDefaultsPostProcessor - Devtools property defaults active! Set 'spring.devtools.add-properties' to 'false' to disable
2025-09-27 21:13:13 [restartedMain] INFO  o.s.b.d.e.DevToolsPropertyDefaultsPostProcessor - For additional web related logging consider setting the 'logging.level.web' property to 'DEBUG'
2025-09-27 21:13:14 [restartedMain] INFO  o.s.d.r.c.RepositoryConfigurationDelegate - Bootstrapping Spring Data JPA repositories in DEFAULT mode.
2025-09-27 21:13:14 [restartedMain] INFO  o.s.d.r.c.RepositoryConfigurationDelegate - Finished Spring Data repository scanning in 41 ms. Found 1 JPA repository interfaces.
2025-09-27 21:13:14 [restartedMain] WARN  o.m.s.mapper.ClassPathMapperScanner - No MyBatis mapper was found in '[com.qiniu.model3d]' package. Please check your configuration.
2025-09-27 21:13:14 [restartedMain] INFO  o.s.b.w.e.tomcat.TomcatWebServer - Tomcat initialized with port(s): 8081 (http)
2025-09-27 21:13:14 [restartedMain] INFO  o.a.catalina.core.StandardService - Starting service [Tomcat]
2025-09-27 21:13:14 [restartedMain] INFO  o.a.catalina.core.StandardEngine - Starting Servlet engine: [Apache Tomcat/9.0.75]
2025-09-27 21:13:14 [restartedMain] INFO  o.a.c.c.C.[Tomcat].[localhost].[/] - Initializing Spring embedded WebApplicationContext
2025-09-27 21:13:14 [restartedMain] INFO  o.s.b.w.s.c.ServletWebServerApplicationContext - Root WebApplicationContext: initialization completed in 1082 ms
2025-09-27 21:13:14 [restartedMain] INFO  com.zaxxer.hikari.HikariDataSource - HikariPool-1 - Starting...
2025-09-27 21:13:15 [restartedMain] INFO  com.zaxxer.hikari.HikariDataSource - HikariPool-1 - Start completed.
2025-09-27 21:13:15 [restartedMain] INFO  o.s.b.a.h.H2ConsoleAutoConfiguration - H2 console available at '/h2-console'. Database available at 'jdbc:h2:mem:testdb'
2025-09-27 21:13:15 [restartedMain] INFO  o.h.jpa.internal.util.LogHelper - HHH000204: Processing PersistenceUnitInfo [name: default]
2025-09-27 21:13:15 [restartedMain] INFO  org.hibernate.Version - HHH000412: Hibernate ORM core version 5.6.15.Final
2025-09-27 21:13:15 [restartedMain] INFO  o.h.annotations.common.Version - HCANN000001: Hibernate Commons Annotations {5.1.2.Final}
2025-09-27 21:13:15 [restartedMain] INFO  org.hibernate.dialect.Dialect - HHH000400: Using dialect: org.hibernate.dialect.H2Dialect
2025-09-27 21:13:15 [restartedMain] DEBUG org.hibernate.SQL - 
    
    drop table if exists model_tasks CASCADE 
2025-09-27 21:13:15 [restartedMain] DEBUG org.hibernate.SQL - 
    
    create table model_tasks (
       id bigint generated by default as identity,
        access_count integer,
        cache_hit_count integer,
        cached boolean,
        client_ip varchar(45),
        completed_at timestamp,
        complexity varchar(20),
        created_at timestamp not null,
        error_message TEXT,
        faces_count integer,
        file_signature varchar(64),
        file_size bigint,
        gltf_file_path varchar(500),
        input_hash varchar(64),
        input_image_path varchar(500),
        input_text TEXT,
        last_accessed timestamp,
        last_accessed_at timestamp,
        model_file_path varchar(500),
        model_id varchar(50),
        obj_file_path varchar(500),
        output_format varchar(10),
        preview_image_path varchar(500),
        progress integer,
        reference_count integer,
        similarity_usage_count integer,
        status varchar(20) not null,
        stl_file_path varchar(500),
        task_id varchar(50) not null,
        type varchar(20) not null,
        updated_at timestamp,
        vertices_count integer,
        primary key (id)
    )
2025-09-27 21:13:15 [restartedMain] DEBUG org.hibernate.SQL - 
    
    alter table model_tasks 
       add constraint UK_iv6mv0n504e5iyb3qlpk88ibs unique (task_id)
2025-09-27 21:13:15 [restartedMain] INFO  o.h.e.t.j.p.i.JtaPlatformInitiator - HHH000490: Using JtaPlatform implementation: [org.hibernate.engine.transaction.jta.platform.internal.NoJtaPlatform]
2025-09-27 21:13:15 [restartedMain] INFO  o.s.o.j.LocalContainerEntityManagerFactoryBean - Initialized JPA EntityManagerFactory for persistence unit 'default'
2025-09-27 21:13:15 [restartedMain] INFO  c.q.m.s.impl.TencentAi3dClientImpl - 腾讯云AI3D客户端初始化成功，区域: ap-guangzhou
2025-09-27 21:13:16 [restartedMain] WARN  o.s.b.a.o.j.JpaBaseConfiguration$JpaWebConfiguration - spring.jpa.open-in-view is enabled by default. Therefore, database queries may be performed during view rendering. Explicitly configure spring.jpa.open-in-view to disable this warning
2025-09-27 21:13:16 [restartedMain] INFO  o.s.b.a.w.s.WelcomePageHandlerMapping - Adding welcome page: class path resource [static/index.html]
2025-09-27 21:13:16 [restartedMain] INFO  o.s.b.d.a.OptionalLiveReloadServer - LiveReload server is running on port 35729
2025-09-27 21:13:16 [restartedMain] INFO  o.s.b.w.e.tomcat.TomcatWebServer - Tomcat started on port(s): 8081 (http) with context path ''
2025-09-27 21:13:16 [restartedMain] INFO  com.qiniu.model3d.Application - Started Application in 3.392 seconds (JVM running for 3.782)
2025-09-27 21:13:46 [http-nio-8081-exec-1] INFO  o.a.c.c.C.[Tomcat].[localhost].[/] - Initializing Spring DispatcherServlet 'dispatcherServlet'
2025-09-27 21:13:46 [http-nio-8081-exec-1] INFO  o.s.web.servlet.DispatcherServlet - Initializing Servlet 'dispatcherServlet'
2025-09-27 21:13:46 [http-nio-8081-exec-1] INFO  o.s.web.servlet.DispatcherServlet - Completed initialization in 0 ms
